2018-mai-31 10:09:52 [main] FATAL levy.daniel.application.model.dao.JPAUtils - Classe JPAUtils - Méthode getEntityManagerFactory() - IMPOSSIBLE D'ACCEDER AU SERVEUR DE BD
javax.persistence.PersistenceException: No Persistence provider for EntityManager named persistence_unit_base-adresses_javafx
	at javax.persistence.Persistence.createEntityManagerFactory(Persistence.java:85) ~[javax.persistence-api-2.2.jar:2.2]
	at javax.persistence.Persistence.createEntityManagerFactory(Persistence.java:54) ~[javax.persistence-api-2.2.jar:2.2]
	at levy.daniel.application.model.dao.JPAUtils.getEntityManagerFactory(JPAUtils.java:326) [classes/:?]
	at levy.daniel.application.model.dao.JPAUtils.getProperties(JPAUtils.java:365) [classes/:?]
	at levy.daniel.application.model.dao.JPAUtilsTest.testGetProperties(JPAUtilsTest.java:155) [test-classes/:?]
	at sun.reflect.NativeMethodAccessorImpl.invoke0(Native Method) ~[?:1.8.0_172]
	at sun.reflect.NativeMethodAccessorImpl.invoke(NativeMethodAccessorImpl.java:62) ~[?:1.8.0_172]
	at sun.reflect.DelegatingMethodAccessorImpl.invoke(DelegatingMethodAccessorImpl.java:43) ~[?:1.8.0_172]
	at java.lang.reflect.Method.invoke(Method.java:498) ~[?:1.8.0_172]
	at org.junit.runners.model.FrameworkMethod$1.runReflectiveCall(FrameworkMethod.java:50) [junit-4.12.jar:4.12]
	at org.junit.internal.runners.model.ReflectiveCallable.run(ReflectiveCallable.java:12) [junit-4.12.jar:4.12]
	at org.junit.runners.model.FrameworkMethod.invokeExplosively(FrameworkMethod.java:47) [junit-4.12.jar:4.12]
	at org.junit.internal.runners.statements.InvokeMethod.evaluate(InvokeMethod.java:17) [junit-4.12.jar:4.12]
	at org.junit.runners.ParentRunner.runLeaf(ParentRunner.java:325) [junit-4.12.jar:4.12]
	at org.junit.runners.BlockJUnit4ClassRunner.runChild(BlockJUnit4ClassRunner.java:78) [junit-4.12.jar:4.12]
	at org.junit.runners.BlockJUnit4ClassRunner.runChild(BlockJUnit4ClassRunner.java:57) [junit-4.12.jar:4.12]
	at org.junit.runners.ParentRunner$3.run(ParentRunner.java:290) [junit-4.12.jar:4.12]
	at org.junit.runners.ParentRunner$1.schedule(ParentRunner.java:71) [junit-4.12.jar:4.12]
	at org.junit.runners.ParentRunner.runChildren(ParentRunner.java:288) [junit-4.12.jar:4.12]
	at org.junit.runners.ParentRunner.access$000(ParentRunner.java:58) [junit-4.12.jar:4.12]
	at org.junit.runners.ParentRunner$2.evaluate(ParentRunner.java:268) [junit-4.12.jar:4.12]
	at org.junit.internal.runners.statements.RunBefores.evaluate(RunBefores.java:26) [junit-4.12.jar:4.12]
	at org.junit.internal.runners.statements.RunAfters.evaluate(RunAfters.java:27) [junit-4.12.jar:4.12]
	at org.junit.runners.ParentRunner.run(ParentRunner.java:363) [junit-4.12.jar:4.12]
	at org.apache.maven.surefire.junit4.JUnit4Provider.execute(JUnit4Provider.java:369) [surefire-junit4-2.20.1.jar:2.20.1]
	at org.apache.maven.surefire.junit4.JUnit4Provider.executeWithRerun(JUnit4Provider.java:275) [surefire-junit4-2.20.1.jar:2.20.1]
	at org.apache.maven.surefire.junit4.JUnit4Provider.executeTestSet(JUnit4Provider.java:239) [surefire-junit4-2.20.1.jar:2.20.1]
	at org.apache.maven.surefire.junit4.JUnit4Provider.invoke(JUnit4Provider.java:160) [surefire-junit4-2.20.1.jar:2.20.1]
	at org.apache.maven.surefire.booter.ForkedBooter.invokeProviderInSameClassLoader(ForkedBooter.java:373) [surefire-booter-2.20.1.jar:2.20.1]
	at org.apache.maven.surefire.booter.ForkedBooter.runSuitesInProcess(ForkedBooter.java:334) [surefire-booter-2.20.1.jar:2.20.1]
	at org.apache.maven.surefire.booter.ForkedBooter.execute(ForkedBooter.java:119) [surefire-booter-2.20.1.jar:2.20.1]
	at org.apache.maven.surefire.booter.ForkedBooter.main(ForkedBooter.java:407) [surefire-booter-2.20.1.jar:2.20.1]
2018-mai-31 10:09:52 [main] FATAL levy.daniel.application.model.dao.JPAUtils - Classe JPAUtils - Méthode getEntityManagerFactory() - IMPOSSIBLE D'ACCEDER AU SERVEUR DE BD
javax.persistence.PersistenceException: No Persistence provider for EntityManager named persistence_unit_base-adresses_javafx
	at javax.persistence.Persistence.createEntityManagerFactory(Persistence.java:85) ~[javax.persistence-api-2.2.jar:2.2]
	at javax.persistence.Persistence.createEntityManagerFactory(Persistence.java:54) ~[javax.persistence-api-2.2.jar:2.2]
	at levy.daniel.application.model.dao.JPAUtils.getEntityManagerFactory(JPAUtils.java:326) [classes/:?]
	at levy.daniel.application.model.dao.JPAUtilsTest.testGetEntityManagerFactory(JPAUtilsTest.java:116) [test-classes/:?]
	at sun.reflect.NativeMethodAccessorImpl.invoke0(Native Method) ~[?:1.8.0_172]
	at sun.reflect.NativeMethodAccessorImpl.invoke(NativeMethodAccessorImpl.java:62) ~[?:1.8.0_172]
	at sun.reflect.DelegatingMethodAccessorImpl.invoke(DelegatingMethodAccessorImpl.java:43) ~[?:1.8.0_172]
	at java.lang.reflect.Method.invoke(Method.java:498) ~[?:1.8.0_172]
	at org.junit.runners.model.FrameworkMethod$1.runReflectiveCall(FrameworkMethod.java:50) [junit-4.12.jar:4.12]
	at org.junit.internal.runners.model.ReflectiveCallable.run(ReflectiveCallable.java:12) [junit-4.12.jar:4.12]
	at org.junit.runners.model.FrameworkMethod.invokeExplosively(FrameworkMethod.java:47) [junit-4.12.jar:4.12]
	at org.junit.internal.runners.statements.InvokeMethod.evaluate(InvokeMethod.java:17) [junit-4.12.jar:4.12]
	at org.junit.runners.ParentRunner.runLeaf(ParentRunner.java:325) [junit-4.12.jar:4.12]
	at org.junit.runners.BlockJUnit4ClassRunner.runChild(BlockJUnit4ClassRunner.java:78) [junit-4.12.jar:4.12]
	at org.junit.runners.BlockJUnit4ClassRunner.runChild(BlockJUnit4ClassRunner.java:57) [junit-4.12.jar:4.12]
	at org.junit.runners.ParentRunner$3.run(ParentRunner.java:290) [junit-4.12.jar:4.12]
	at org.junit.runners.ParentRunner$1.schedule(ParentRunner.java:71) [junit-4.12.jar:4.12]
	at org.junit.runners.ParentRunner.runChildren(ParentRunner.java:288) [junit-4.12.jar:4.12]
	at org.junit.runners.ParentRunner.access$000(ParentRunner.java:58) [junit-4.12.jar:4.12]
	at org.junit.runners.ParentRunner$2.evaluate(ParentRunner.java:268) [junit-4.12.jar:4.12]
	at org.junit.internal.runners.statements.RunBefores.evaluate(RunBefores.java:26) [junit-4.12.jar:4.12]
	at org.junit.internal.runners.statements.RunAfters.evaluate(RunAfters.java:27) [junit-4.12.jar:4.12]
	at org.junit.runners.ParentRunner.run(ParentRunner.java:363) [junit-4.12.jar:4.12]
	at org.apache.maven.surefire.junit4.JUnit4Provider.execute(JUnit4Provider.java:369) [surefire-junit4-2.20.1.jar:2.20.1]
	at org.apache.maven.surefire.junit4.JUnit4Provider.executeWithRerun(JUnit4Provider.java:275) [surefire-junit4-2.20.1.jar:2.20.1]
	at org.apache.maven.surefire.junit4.JUnit4Provider.executeTestSet(JUnit4Provider.java:239) [surefire-junit4-2.20.1.jar:2.20.1]
	at org.apache.maven.surefire.junit4.JUnit4Provider.invoke(JUnit4Provider.java:160) [surefire-junit4-2.20.1.jar:2.20.1]
	at org.apache.maven.surefire.booter.ForkedBooter.invokeProviderInSameClassLoader(ForkedBooter.java:373) [surefire-booter-2.20.1.jar:2.20.1]
	at org.apache.maven.surefire.booter.ForkedBooter.runSuitesInProcess(ForkedBooter.java:334) [surefire-booter-2.20.1.jar:2.20.1]
	at org.apache.maven.surefire.booter.ForkedBooter.execute(ForkedBooter.java:119) [surefire-booter-2.20.1.jar:2.20.1]
	at org.apache.maven.surefire.booter.ForkedBooter.main(ForkedBooter.java:407) [surefire-booter-2.20.1.jar:2.20.1]
2018-mai-31 10:19:11 [main] FATAL levy.daniel.application.model.dao.JPAUtils - Classe JPAUtils - Méthode getEntityManagerFactory() - IMPOSSIBLE D'ACCEDER AU SERVEUR DE BD
javax.persistence.PersistenceException: No Persistence provider for EntityManager named persistence_unit_base-adresses_javafx
	at javax.persistence.Persistence.createEntityManagerFactory(Persistence.java:85) ~[javax.persistence-api-2.2.jar:2.2]
	at javax.persistence.Persistence.createEntityManagerFactory(Persistence.java:54) ~[javax.persistence-api-2.2.jar:2.2]
	at levy.daniel.application.model.dao.JPAUtils.getEntityManagerFactory(JPAUtils.java:326) [classes/:?]
	at levy.daniel.application.model.dao.JPAUtils.getProperties(JPAUtils.java:365) [classes/:?]
	at levy.daniel.application.model.dao.JPAUtilsTest.testGetProperties(JPAUtilsTest.java:155) [test-classes/:?]
	at sun.reflect.NativeMethodAccessorImpl.invoke0(Native Method) ~[?:1.8.0_172]
	at sun.reflect.NativeMethodAccessorImpl.invoke(NativeMethodAccessorImpl.java:62) ~[?:1.8.0_172]
	at sun.reflect.DelegatingMethodAccessorImpl.invoke(DelegatingMethodAccessorImpl.java:43) ~[?:1.8.0_172]
	at java.lang.reflect.Method.invoke(Method.java:498) ~[?:1.8.0_172]
	at org.junit.runners.model.FrameworkMethod$1.runReflectiveCall(FrameworkMethod.java:50) [junit-4.12.jar:4.12]
	at org.junit.internal.runners.model.ReflectiveCallable.run(ReflectiveCallable.java:12) [junit-4.12.jar:4.12]
	at org.junit.runners.model.FrameworkMethod.invokeExplosively(FrameworkMethod.java:47) [junit-4.12.jar:4.12]
	at org.junit.internal.runners.statements.InvokeMethod.evaluate(InvokeMethod.java:17) [junit-4.12.jar:4.12]
	at org.junit.runners.ParentRunner.runLeaf(ParentRunner.java:325) [junit-4.12.jar:4.12]
	at org.junit.runners.BlockJUnit4ClassRunner.runChild(BlockJUnit4ClassRunner.java:78) [junit-4.12.jar:4.12]
	at org.junit.runners.BlockJUnit4ClassRunner.runChild(BlockJUnit4ClassRunner.java:57) [junit-4.12.jar:4.12]
	at org.junit.runners.ParentRunner$3.run(ParentRunner.java:290) [junit-4.12.jar:4.12]
	at org.junit.runners.ParentRunner$1.schedule(ParentRunner.java:71) [junit-4.12.jar:4.12]
	at org.junit.runners.ParentRunner.runChildren(ParentRunner.java:288) [junit-4.12.jar:4.12]
	at org.junit.runners.ParentRunner.access$000(ParentRunner.java:58) [junit-4.12.jar:4.12]
	at org.junit.runners.ParentRunner$2.evaluate(ParentRunner.java:268) [junit-4.12.jar:4.12]
	at org.junit.internal.runners.statements.RunBefores.evaluate(RunBefores.java:26) [junit-4.12.jar:4.12]
	at org.junit.internal.runners.statements.RunAfters.evaluate(RunAfters.java:27) [junit-4.12.jar:4.12]
	at org.junit.runners.ParentRunner.run(ParentRunner.java:363) [junit-4.12.jar:4.12]
	at org.apache.maven.surefire.junit4.JUnit4Provider.execute(JUnit4Provider.java:369) [surefire-junit4-2.20.1.jar:2.20.1]
	at org.apache.maven.surefire.junit4.JUnit4Provider.executeWithRerun(JUnit4Provider.java:275) [surefire-junit4-2.20.1.jar:2.20.1]
	at org.apache.maven.surefire.junit4.JUnit4Provider.executeTestSet(JUnit4Provider.java:239) [surefire-junit4-2.20.1.jar:2.20.1]
	at org.apache.maven.surefire.junit4.JUnit4Provider.invoke(JUnit4Provider.java:160) [surefire-junit4-2.20.1.jar:2.20.1]
	at org.apache.maven.surefire.booter.ForkedBooter.invokeProviderInSameClassLoader(ForkedBooter.java:373) [surefire-booter-2.20.1.jar:2.20.1]
	at org.apache.maven.surefire.booter.ForkedBooter.runSuitesInProcess(ForkedBooter.java:334) [surefire-booter-2.20.1.jar:2.20.1]
	at org.apache.maven.surefire.booter.ForkedBooter.execute(ForkedBooter.java:119) [surefire-booter-2.20.1.jar:2.20.1]
	at org.apache.maven.surefire.booter.ForkedBooter.main(ForkedBooter.java:407) [surefire-booter-2.20.1.jar:2.20.1]
2018-mai-31 10:19:11 [main] FATAL levy.daniel.application.model.dao.JPAUtils - Classe JPAUtils - Méthode getEntityManagerFactory() - IMPOSSIBLE D'ACCEDER AU SERVEUR DE BD
javax.persistence.PersistenceException: No Persistence provider for EntityManager named persistence_unit_base-adresses_javafx
	at javax.persistence.Persistence.createEntityManagerFactory(Persistence.java:85) ~[javax.persistence-api-2.2.jar:2.2]
	at javax.persistence.Persistence.createEntityManagerFactory(Persistence.java:54) ~[javax.persistence-api-2.2.jar:2.2]
	at levy.daniel.application.model.dao.JPAUtils.getEntityManagerFactory(JPAUtils.java:326) [classes/:?]
	at levy.daniel.application.model.dao.JPAUtilsTest.testGetEntityManagerFactory(JPAUtilsTest.java:116) [test-classes/:?]
	at sun.reflect.NativeMethodAccessorImpl.invoke0(Native Method) ~[?:1.8.0_172]
	at sun.reflect.NativeMethodAccessorImpl.invoke(NativeMethodAccessorImpl.java:62) ~[?:1.8.0_172]
	at sun.reflect.DelegatingMethodAccessorImpl.invoke(DelegatingMethodAccessorImpl.java:43) ~[?:1.8.0_172]
	at java.lang.reflect.Method.invoke(Method.java:498) ~[?:1.8.0_172]
	at org.junit.runners.model.FrameworkMethod$1.runReflectiveCall(FrameworkMethod.java:50) [junit-4.12.jar:4.12]
	at org.junit.internal.runners.model.ReflectiveCallable.run(ReflectiveCallable.java:12) [junit-4.12.jar:4.12]
	at org.junit.runners.model.FrameworkMethod.invokeExplosively(FrameworkMethod.java:47) [junit-4.12.jar:4.12]
	at org.junit.internal.runners.statements.InvokeMethod.evaluate(InvokeMethod.java:17) [junit-4.12.jar:4.12]
	at org.junit.runners.ParentRunner.runLeaf(ParentRunner.java:325) [junit-4.12.jar:4.12]
	at org.junit.runners.BlockJUnit4ClassRunner.runChild(BlockJUnit4ClassRunner.java:78) [junit-4.12.jar:4.12]
	at org.junit.runners.BlockJUnit4ClassRunner.runChild(BlockJUnit4ClassRunner.java:57) [junit-4.12.jar:4.12]
	at org.junit.runners.ParentRunner$3.run(ParentRunner.java:290) [junit-4.12.jar:4.12]
	at org.junit.runners.ParentRunner$1.schedule(ParentRunner.java:71) [junit-4.12.jar:4.12]
	at org.junit.runners.ParentRunner.runChildren(ParentRunner.java:288) [junit-4.12.jar:4.12]
	at org.junit.runners.ParentRunner.access$000(ParentRunner.java:58) [junit-4.12.jar:4.12]
	at org.junit.runners.ParentRunner$2.evaluate(ParentRunner.java:268) [junit-4.12.jar:4.12]
	at org.junit.internal.runners.statements.RunBefores.evaluate(RunBefores.java:26) [junit-4.12.jar:4.12]
	at org.junit.internal.runners.statements.RunAfters.evaluate(RunAfters.java:27) [junit-4.12.jar:4.12]
	at org.junit.runners.ParentRunner.run(ParentRunner.java:363) [junit-4.12.jar:4.12]
	at org.apache.maven.surefire.junit4.JUnit4Provider.execute(JUnit4Provider.java:369) [surefire-junit4-2.20.1.jar:2.20.1]
	at org.apache.maven.surefire.junit4.JUnit4Provider.executeWithRerun(JUnit4Provider.java:275) [surefire-junit4-2.20.1.jar:2.20.1]
	at org.apache.maven.surefire.junit4.JUnit4Provider.executeTestSet(JUnit4Provider.java:239) [surefire-junit4-2.20.1.jar:2.20.1]
	at org.apache.maven.surefire.junit4.JUnit4Provider.invoke(JUnit4Provider.java:160) [surefire-junit4-2.20.1.jar:2.20.1]
	at org.apache.maven.surefire.booter.ForkedBooter.invokeProviderInSameClassLoader(ForkedBooter.java:373) [surefire-booter-2.20.1.jar:2.20.1]
	at org.apache.maven.surefire.booter.ForkedBooter.runSuitesInProcess(ForkedBooter.java:334) [surefire-booter-2.20.1.jar:2.20.1]
	at org.apache.maven.surefire.booter.ForkedBooter.execute(ForkedBooter.java:119) [surefire-booter-2.20.1.jar:2.20.1]
	at org.apache.maven.surefire.booter.ForkedBooter.main(ForkedBooter.java:407) [surefire-booter-2.20.1.jar:2.20.1]
2018-juin-05 11:30:02 [main] FATAL levy.daniel.application.model.dao.JPAUtils - Classe JPAUtils - Méthode getEntityManagerFactory() - IMPOSSIBLE D'ACCEDER AU SERVEUR DE BD
javax.persistence.PersistenceException: No Persistence provider for EntityManager named persistence_unit_base-adresses_javafx
	at javax.persistence.Persistence.createEntityManagerFactory(Persistence.java:85) ~[javax.persistence-api-2.2.jar:2.2]
	at javax.persistence.Persistence.createEntityManagerFactory(Persistence.java:54) ~[javax.persistence-api-2.2.jar:2.2]
	at levy.daniel.application.model.dao.JPAUtils.getEntityManagerFactory(JPAUtils.java:326) [classes/:?]
	at levy.daniel.application.model.dao.JPAUtils.getProperties(JPAUtils.java:365) [classes/:?]
	at levy.daniel.application.model.dao.JPAUtilsTest.testGetProperties(JPAUtilsTest.java:155) [test-classes/:?]
	at sun.reflect.NativeMethodAccessorImpl.invoke0(Native Method) ~[?:1.8.0_172]
	at sun.reflect.NativeMethodAccessorImpl.invoke(NativeMethodAccessorImpl.java:62) ~[?:1.8.0_172]
	at sun.reflect.DelegatingMethodAccessorImpl.invoke(DelegatingMethodAccessorImpl.java:43) ~[?:1.8.0_172]
	at java.lang.reflect.Method.invoke(Method.java:498) ~[?:1.8.0_172]
	at org.junit.runners.model.FrameworkMethod$1.runReflectiveCall(FrameworkMethod.java:50) [junit-4.12.jar:4.12]
	at org.junit.internal.runners.model.ReflectiveCallable.run(ReflectiveCallable.java:12) [junit-4.12.jar:4.12]
	at org.junit.runners.model.FrameworkMethod.invokeExplosively(FrameworkMethod.java:47) [junit-4.12.jar:4.12]
	at org.junit.internal.runners.statements.InvokeMethod.evaluate(InvokeMethod.java:17) [junit-4.12.jar:4.12]
	at org.junit.runners.ParentRunner.runLeaf(ParentRunner.java:325) [junit-4.12.jar:4.12]
	at org.junit.runners.BlockJUnit4ClassRunner.runChild(BlockJUnit4ClassRunner.java:78) [junit-4.12.jar:4.12]
	at org.junit.runners.BlockJUnit4ClassRunner.runChild(BlockJUnit4ClassRunner.java:57) [junit-4.12.jar:4.12]
	at org.junit.runners.ParentRunner$3.run(ParentRunner.java:290) [junit-4.12.jar:4.12]
	at org.junit.runners.ParentRunner$1.schedule(ParentRunner.java:71) [junit-4.12.jar:4.12]
	at org.junit.runners.ParentRunner.runChildren(ParentRunner.java:288) [junit-4.12.jar:4.12]
	at org.junit.runners.ParentRunner.access$000(ParentRunner.java:58) [junit-4.12.jar:4.12]
	at org.junit.runners.ParentRunner$2.evaluate(ParentRunner.java:268) [junit-4.12.jar:4.12]
	at org.junit.internal.runners.statements.RunBefores.evaluate(RunBefores.java:26) [junit-4.12.jar:4.12]
	at org.junit.internal.runners.statements.RunAfters.evaluate(RunAfters.java:27) [junit-4.12.jar:4.12]
	at org.junit.runners.ParentRunner.run(ParentRunner.java:363) [junit-4.12.jar:4.12]
	at org.apache.maven.surefire.junit4.JUnit4Provider.execute(JUnit4Provider.java:369) [surefire-junit4-2.20.1.jar:2.20.1]
	at org.apache.maven.surefire.junit4.JUnit4Provider.executeWithRerun(JUnit4Provider.java:275) [surefire-junit4-2.20.1.jar:2.20.1]
	at org.apache.maven.surefire.junit4.JUnit4Provider.executeTestSet(JUnit4Provider.java:239) [surefire-junit4-2.20.1.jar:2.20.1]
	at org.apache.maven.surefire.junit4.JUnit4Provider.invoke(JUnit4Provider.java:160) [surefire-junit4-2.20.1.jar:2.20.1]
	at org.apache.maven.surefire.booter.ForkedBooter.invokeProviderInSameClassLoader(ForkedBooter.java:373) [surefire-booter-2.20.1.jar:2.20.1]
	at org.apache.maven.surefire.booter.ForkedBooter.runSuitesInProcess(ForkedBooter.java:334) [surefire-booter-2.20.1.jar:2.20.1]
	at org.apache.maven.surefire.booter.ForkedBooter.execute(ForkedBooter.java:119) [surefire-booter-2.20.1.jar:2.20.1]
	at org.apache.maven.surefire.booter.ForkedBooter.main(ForkedBooter.java:407) [surefire-booter-2.20.1.jar:2.20.1]
2018-juin-05 11:30:03 [main] FATAL levy.daniel.application.model.dao.JPAUtils - Classe JPAUtils - Méthode getEntityManagerFactory() - IMPOSSIBLE D'ACCEDER AU SERVEUR DE BD
javax.persistence.PersistenceException: No Persistence provider for EntityManager named persistence_unit_base-adresses_javafx
	at javax.persistence.Persistence.createEntityManagerFactory(Persistence.java:85) ~[javax.persistence-api-2.2.jar:2.2]
	at javax.persistence.Persistence.createEntityManagerFactory(Persistence.java:54) ~[javax.persistence-api-2.2.jar:2.2]
	at levy.daniel.application.model.dao.JPAUtils.getEntityManagerFactory(JPAUtils.java:326) [classes/:?]
	at levy.daniel.application.model.dao.JPAUtilsTest.testGetEntityManagerFactory(JPAUtilsTest.java:116) [test-classes/:?]
	at sun.reflect.NativeMethodAccessorImpl.invoke0(Native Method) ~[?:1.8.0_172]
	at sun.reflect.NativeMethodAccessorImpl.invoke(NativeMethodAccessorImpl.java:62) ~[?:1.8.0_172]
	at sun.reflect.DelegatingMethodAccessorImpl.invoke(DelegatingMethodAccessorImpl.java:43) ~[?:1.8.0_172]
	at java.lang.reflect.Method.invoke(Method.java:498) ~[?:1.8.0_172]
	at org.junit.runners.model.FrameworkMethod$1.runReflectiveCall(FrameworkMethod.java:50) [junit-4.12.jar:4.12]
	at org.junit.internal.runners.model.ReflectiveCallable.run(ReflectiveCallable.java:12) [junit-4.12.jar:4.12]
	at org.junit.runners.model.FrameworkMethod.invokeExplosively(FrameworkMethod.java:47) [junit-4.12.jar:4.12]
	at org.junit.internal.runners.statements.InvokeMethod.evaluate(InvokeMethod.java:17) [junit-4.12.jar:4.12]
	at org.junit.runners.ParentRunner.runLeaf(ParentRunner.java:325) [junit-4.12.jar:4.12]
	at org.junit.runners.BlockJUnit4ClassRunner.runChild(BlockJUnit4ClassRunner.java:78) [junit-4.12.jar:4.12]
	at org.junit.runners.BlockJUnit4ClassRunner.runChild(BlockJUnit4ClassRunner.java:57) [junit-4.12.jar:4.12]
	at org.junit.runners.ParentRunner$3.run(ParentRunner.java:290) [junit-4.12.jar:4.12]
	at org.junit.runners.ParentRunner$1.schedule(ParentRunner.java:71) [junit-4.12.jar:4.12]
	at org.junit.runners.ParentRunner.runChildren(ParentRunner.java:288) [junit-4.12.jar:4.12]
	at org.junit.runners.ParentRunner.access$000(ParentRunner.java:58) [junit-4.12.jar:4.12]
	at org.junit.runners.ParentRunner$2.evaluate(ParentRunner.java:268) [junit-4.12.jar:4.12]
	at org.junit.internal.runners.statements.RunBefores.evaluate(RunBefores.java:26) [junit-4.12.jar:4.12]
	at org.junit.internal.runners.statements.RunAfters.evaluate(RunAfters.java:27) [junit-4.12.jar:4.12]
	at org.junit.runners.ParentRunner.run(ParentRunner.java:363) [junit-4.12.jar:4.12]
	at org.apache.maven.surefire.junit4.JUnit4Provider.execute(JUnit4Provider.java:369) [surefire-junit4-2.20.1.jar:2.20.1]
	at org.apache.maven.surefire.junit4.JUnit4Provider.executeWithRerun(JUnit4Provider.java:275) [surefire-junit4-2.20.1.jar:2.20.1]
	at org.apache.maven.surefire.junit4.JUnit4Provider.executeTestSet(JUnit4Provider.java:239) [surefire-junit4-2.20.1.jar:2.20.1]
	at org.apache.maven.surefire.junit4.JUnit4Provider.invoke(JUnit4Provider.java:160) [surefire-junit4-2.20.1.jar:2.20.1]
	at org.apache.maven.surefire.booter.ForkedBooter.invokeProviderInSameClassLoader(ForkedBooter.java:373) [surefire-booter-2.20.1.jar:2.20.1]
	at org.apache.maven.surefire.booter.ForkedBooter.runSuitesInProcess(ForkedBooter.java:334) [surefire-booter-2.20.1.jar:2.20.1]
	at org.apache.maven.surefire.booter.ForkedBooter.execute(ForkedBooter.java:119) [surefire-booter-2.20.1.jar:2.20.1]
	at org.apache.maven.surefire.booter.ForkedBooter.main(ForkedBooter.java:407) [surefire-booter-2.20.1.jar:2.20.1]
2018-juin-05 11:31:03 [main] FATAL levy.daniel.application.model.dao.JPAUtils - Classe JPAUtils - Méthode getEntityManagerFactory() - IMPOSSIBLE D'ACCEDER AU SERVEUR DE BD
javax.persistence.PersistenceException: No Persistence provider for EntityManager named persistence_unit_base-adresses_javafx
	at javax.persistence.Persistence.createEntityManagerFactory(Persistence.java:85) ~[javax.persistence-api-2.2.jar:2.2]
	at javax.persistence.Persistence.createEntityManagerFactory(Persistence.java:54) ~[javax.persistence-api-2.2.jar:2.2]
	at levy.daniel.application.model.dao.JPAUtils.getEntityManagerFactory(JPAUtils.java:326) [classes/:?]
	at levy.daniel.application.model.dao.JPAUtils.getProperties(JPAUtils.java:365) [classes/:?]
	at levy.daniel.application.model.dao.JPAUtilsTest.testGetProperties(JPAUtilsTest.java:155) [test-classes/:?]
	at sun.reflect.NativeMethodAccessorImpl.invoke0(Native Method) ~[?:1.8.0_172]
	at sun.reflect.NativeMethodAccessorImpl.invoke(NativeMethodAccessorImpl.java:62) ~[?:1.8.0_172]
	at sun.reflect.DelegatingMethodAccessorImpl.invoke(DelegatingMethodAccessorImpl.java:43) ~[?:1.8.0_172]
	at java.lang.reflect.Method.invoke(Method.java:498) ~[?:1.8.0_172]
	at org.junit.runners.model.FrameworkMethod$1.runReflectiveCall(FrameworkMethod.java:50) [junit-4.12.jar:4.12]
	at org.junit.internal.runners.model.ReflectiveCallable.run(ReflectiveCallable.java:12) [junit-4.12.jar:4.12]
	at org.junit.runners.model.FrameworkMethod.invokeExplosively(FrameworkMethod.java:47) [junit-4.12.jar:4.12]
	at org.junit.internal.runners.statements.InvokeMethod.evaluate(InvokeMethod.java:17) [junit-4.12.jar:4.12]
	at org.junit.runners.ParentRunner.runLeaf(ParentRunner.java:325) [junit-4.12.jar:4.12]
	at org.junit.runners.BlockJUnit4ClassRunner.runChild(BlockJUnit4ClassRunner.java:78) [junit-4.12.jar:4.12]
	at org.junit.runners.BlockJUnit4ClassRunner.runChild(BlockJUnit4ClassRunner.java:57) [junit-4.12.jar:4.12]
	at org.junit.runners.ParentRunner$3.run(ParentRunner.java:290) [junit-4.12.jar:4.12]
	at org.junit.runners.ParentRunner$1.schedule(ParentRunner.java:71) [junit-4.12.jar:4.12]
	at org.junit.runners.ParentRunner.runChildren(ParentRunner.java:288) [junit-4.12.jar:4.12]
	at org.junit.runners.ParentRunner.access$000(ParentRunner.java:58) [junit-4.12.jar:4.12]
	at org.junit.runners.ParentRunner$2.evaluate(ParentRunner.java:268) [junit-4.12.jar:4.12]
	at org.junit.internal.runners.statements.RunBefores.evaluate(RunBefores.java:26) [junit-4.12.jar:4.12]
	at org.junit.internal.runners.statements.RunAfters.evaluate(RunAfters.java:27) [junit-4.12.jar:4.12]
	at org.junit.runners.ParentRunner.run(ParentRunner.java:363) [junit-4.12.jar:4.12]
	at org.apache.maven.surefire.junit4.JUnit4Provider.execute(JUnit4Provider.java:369) [surefire-junit4-2.20.1.jar:2.20.1]
	at org.apache.maven.surefire.junit4.JUnit4Provider.executeWithRerun(JUnit4Provider.java:275) [surefire-junit4-2.20.1.jar:2.20.1]
	at org.apache.maven.surefire.junit4.JUnit4Provider.executeTestSet(JUnit4Provider.java:239) [surefire-junit4-2.20.1.jar:2.20.1]
	at org.apache.maven.surefire.junit4.JUnit4Provider.invoke(JUnit4Provider.java:160) [surefire-junit4-2.20.1.jar:2.20.1]
	at org.apache.maven.surefire.booter.ForkedBooter.invokeProviderInSameClassLoader(ForkedBooter.java:373) [surefire-booter-2.20.1.jar:2.20.1]
	at org.apache.maven.surefire.booter.ForkedBooter.runSuitesInProcess(ForkedBooter.java:334) [surefire-booter-2.20.1.jar:2.20.1]
	at org.apache.maven.surefire.booter.ForkedBooter.execute(ForkedBooter.java:119) [surefire-booter-2.20.1.jar:2.20.1]
	at org.apache.maven.surefire.booter.ForkedBooter.main(ForkedBooter.java:407) [surefire-booter-2.20.1.jar:2.20.1]
2018-juin-05 11:31:03 [main] FATAL levy.daniel.application.model.dao.JPAUtils - Classe JPAUtils - Méthode getEntityManagerFactory() - IMPOSSIBLE D'ACCEDER AU SERVEUR DE BD
javax.persistence.PersistenceException: No Persistence provider for EntityManager named persistence_unit_base-adresses_javafx
	at javax.persistence.Persistence.createEntityManagerFactory(Persistence.java:85) ~[javax.persistence-api-2.2.jar:2.2]
	at javax.persistence.Persistence.createEntityManagerFactory(Persistence.java:54) ~[javax.persistence-api-2.2.jar:2.2]
	at levy.daniel.application.model.dao.JPAUtils.getEntityManagerFactory(JPAUtils.java:326) [classes/:?]
	at levy.daniel.application.model.dao.JPAUtilsTest.testGetEntityManagerFactory(JPAUtilsTest.java:116) [test-classes/:?]
	at sun.reflect.NativeMethodAccessorImpl.invoke0(Native Method) ~[?:1.8.0_172]
	at sun.reflect.NativeMethodAccessorImpl.invoke(NativeMethodAccessorImpl.java:62) ~[?:1.8.0_172]
	at sun.reflect.DelegatingMethodAccessorImpl.invoke(DelegatingMethodAccessorImpl.java:43) ~[?:1.8.0_172]
	at java.lang.reflect.Method.invoke(Method.java:498) ~[?:1.8.0_172]
	at org.junit.runners.model.FrameworkMethod$1.runReflectiveCall(FrameworkMethod.java:50) [junit-4.12.jar:4.12]
	at org.junit.internal.runners.model.ReflectiveCallable.run(ReflectiveCallable.java:12) [junit-4.12.jar:4.12]
	at org.junit.runners.model.FrameworkMethod.invokeExplosively(FrameworkMethod.java:47) [junit-4.12.jar:4.12]
	at org.junit.internal.runners.statements.InvokeMethod.evaluate(InvokeMethod.java:17) [junit-4.12.jar:4.12]
	at org.junit.runners.ParentRunner.runLeaf(ParentRunner.java:325) [junit-4.12.jar:4.12]
	at org.junit.runners.BlockJUnit4ClassRunner.runChild(BlockJUnit4ClassRunner.java:78) [junit-4.12.jar:4.12]
	at org.junit.runners.BlockJUnit4ClassRunner.runChild(BlockJUnit4ClassRunner.java:57) [junit-4.12.jar:4.12]
	at org.junit.runners.ParentRunner$3.run(ParentRunner.java:290) [junit-4.12.jar:4.12]
	at org.junit.runners.ParentRunner$1.schedule(ParentRunner.java:71) [junit-4.12.jar:4.12]
	at org.junit.runners.ParentRunner.runChildren(ParentRunner.java:288) [junit-4.12.jar:4.12]
	at org.junit.runners.ParentRunner.access$000(ParentRunner.java:58) [junit-4.12.jar:4.12]
	at org.junit.runners.ParentRunner$2.evaluate(ParentRunner.java:268) [junit-4.12.jar:4.12]
	at org.junit.internal.runners.statements.RunBefores.evaluate(RunBefores.java:26) [junit-4.12.jar:4.12]
	at org.junit.internal.runners.statements.RunAfters.evaluate(RunAfters.java:27) [junit-4.12.jar:4.12]
	at org.junit.runners.ParentRunner.run(ParentRunner.java:363) [junit-4.12.jar:4.12]
	at org.apache.maven.surefire.junit4.JUnit4Provider.execute(JUnit4Provider.java:369) [surefire-junit4-2.20.1.jar:2.20.1]
	at org.apache.maven.surefire.junit4.JUnit4Provider.executeWithRerun(JUnit4Provider.java:275) [surefire-junit4-2.20.1.jar:2.20.1]
	at org.apache.maven.surefire.junit4.JUnit4Provider.executeTestSet(JUnit4Provider.java:239) [surefire-junit4-2.20.1.jar:2.20.1]
	at org.apache.maven.surefire.junit4.JUnit4Provider.invoke(JUnit4Provider.java:160) [surefire-junit4-2.20.1.jar:2.20.1]
	at org.apache.maven.surefire.booter.ForkedBooter.invokeProviderInSameClassLoader(ForkedBooter.java:373) [surefire-booter-2.20.1.jar:2.20.1]
	at org.apache.maven.surefire.booter.ForkedBooter.runSuitesInProcess(ForkedBooter.java:334) [surefire-booter-2.20.1.jar:2.20.1]
	at org.apache.maven.surefire.booter.ForkedBooter.execute(ForkedBooter.java:119) [surefire-booter-2.20.1.jar:2.20.1]
	at org.apache.maven.surefire.booter.ForkedBooter.main(ForkedBooter.java:407) [surefire-booter-2.20.1.jar:2.20.1]
